<?xml version="1.0" encoding="UTF-8"?>
<!-- Generated by org.testng.reporters.JUnitXMLReporter -->
<testsuite hostname="DESKTOP-89OTHQ5" ignored="0" name="Test" tests="2" failures="1" timestamp="07 Jun 2020 04:58:54 GMT" time="14.613" errors="0">
  <testcase name="loginTest" time="13.351" classname="com.onlineproject.LoginTest"/>
  <testcase name="titleTest" time="0.032" classname="com.onlineproject.LoginTest">
    <failure type="java.lang.AssertionError" message="expected [true] but found [false]">
      <![CDATA[java.lang.AssertionError: expected [true] but found [false]
at com.onlineproject.LoginTest.titleTest(LoginTest.java:31)
... Removed 29 stack frames]]>
    </failure>
  </testcase> <!-- titleTest -->
</testsuite> <!-- Test -->
